
posgmp> ## simplest call with an observation of 4 and a gamma(1,1), i.e. an exponential prior on the
posgmp> ## mu
posgmp> poisgamp(4,1,1)
Summary statistics for data
---------------------------
Number of observations:	 1 
Sum of observations:	 4 

Summary statistics for posterior
--------------------------------
Shape parameter r:	 5 
Rate parameter v:	 2 
95% credible interval for mu:	[0.81, 5.12]

posgmp> ##  Same as the previous example but a gamma(10,1) prior
posgmp> poisgamp(4,10,1)
Summary statistics for data
---------------------------
Number of observations:	 1 
Sum of observations:	 4 

Summary statistics for posterior
--------------------------------
Shape parameter r:	 14 
Rate parameter v:	 2 
95% credible interval for mu:	[3.83, 11.12]

posgmp> ##  Same as the previous example but an improper gamma(1,0) prior
posgmp> poisgamp(4,1,0)
Summary statistics for data
---------------------------
Number of observations:	 1 
Sum of observations:	 4 

Summary statistics for posterior
--------------------------------
Shape parameter r:	 5 
Rate parameter v:	 1 
95% credible interval for mu:	[1.62, 10.24]
kint 10.246709 integrate 1.000000

posgmp> ## A random sample of 50 observations from a Poisson distribution with
posgmp> ## parameter mu = 3 and  gamma(6,3) prior
posgmp> set.seed(123)

posgmp> y = rpois(50,3)

posgmp> poisgamp(y,6,3)
Summary statistics for data
---------------------------
Number of observations:	 50 
Sum of observations:	 155 

Summary statistics for posterior
--------------------------------
Shape parameter r:	 161 
Rate parameter v:	 53 
95% credible interval for mu:	[2.59, 3.52]

posgmp> ## In this example we have a random sample from a Poisson distribution
posgmp> ## with an unknown mean. We will use a gamma(6,3) prior to obtain the
posgmp> ## posterior gamma distribution, and use the R function qgamma to get a
posgmp> ## 95% credible interval for mu
posgmp> y = c(3,4,4,3,3,4,2,3,1,7)

posgmp> results = poisgamp(y,6,3)
Summary statistics for data
---------------------------
Number of observations:	 10 
Sum of observations:	 34 

Summary statistics for posterior
--------------------------------
Shape parameter r:	 40 
Rate parameter v:	 13 
95% credible interval for mu:	[2.20, 4.10]

posgmp> ci = qgamma(c(0.025,0.975),results$shape, results$rate)

posgmp> cat(paste("95% credible interval for mu: [",round(ci[1],3), ",", round(ci[2],3)),"]\n")
95% credible interval for mu: [ 2.198 , 4.101 ]

posgmp> ## In this example we have a random sample from a Poisson distribution
posgmp> ## with an unknown mean. We will use a gamma(6,3) prior to obtain the
posgmp> ## posterior gamma distribution, and use the R function qgamma to get a
posgmp> ## 95% credible interval for mu
posgmp> y = c(3,4,4,3,3,4,2,3,1,7)

posgmp> results = poisgamp(y, 6, 3)
Summary statistics for data
---------------------------
Number of observations:	 10 
Sum of observations:	 34 

Summary statistics for posterior
--------------------------------
Shape parameter r:	 40 
Rate parameter v:	 13 
95% credible interval for mu:	[2.20, 4.10]

posgmp> ci = quantile(results, c(0.025, 0.975))

posgmp> cat(paste("95% credible interval for mu: [",round(ci[1],3), ",", round(ci[2],3)),"]\n")
95% credible interval for mu: [ 2.198 , 4.101 ]
