* using log directory ‘/Users/jcur002/Dropbox/Code/git/Bolstad/Bolstad.Rcheck’
* using R version 3.4.3 (2017-11-30)
* using platform: x86_64-apple-darwin15.6.0 (64-bit)
* using session charset: UTF-8
* using options ‘--no-manual --as-cran’
* checking for file ‘Bolstad/DESCRIPTION’ ... OK
* this is package ‘Bolstad’ version ‘0.2-38’
* checking package namespace information ... OK
* checking package dependencies ... OK
* checking if this is a source package ... OK
* checking if there is a namespace ... OK
* checking for executable files ... OK
* checking for hidden files and directories ... OK
* checking for portable file names ... OK
* checking for sufficient/correct file permissions ... OK
* checking whether package ‘Bolstad’ can be installed ... OK
* checking installed package size ... OK
* checking package directory ... OK
* checking DESCRIPTION meta-information ... OK
* checking top-level files ... OK
* checking for left-over files ... OK
* checking index information ... OK
* checking package subdirectories ... OK
* checking R files for non-ASCII characters ... OK
* checking R files for syntax errors ... OK
* checking whether the package can be loaded ... OK
* checking whether the package can be loaded with stated dependencies ... OK
* checking whether the package can be unloaded cleanly ... OK
* checking whether the namespace can be loaded with stated dependencies ... OK
* checking whether the namespace can be unloaded cleanly ... OK
* checking dependencies in R code ... OK
* checking S3 generic/method consistency ... OK
* checking replacement functions ... OK
* checking foreign function calls ... OK
* checking R code for possible problems ... OK
* checking Rd files ... OK
* checking Rd metadata ... OK
* checking Rd line widths ... OK
* checking Rd cross-references ... OK
* checking for missing documentation entries ... OK
* checking for code/documentation mismatches ... OK
* checking Rd \usage sections ... OK
* checking Rd contents ... OK
* checking for unstated dependencies in examples ... OK
* checking contents of ‘data’ directory ... OK
* checking data for non-ASCII characters ... OK
* checking data for ASCII and uncompressed saves ... OK
* checking R/sysdata.rda ... OK
* checking examples ... ERROR
Running examples in ‘Bolstad-Ex.R’ failed
The error most likely occurred in:

> base::assign(".ptime", proc.time(), pos = "CheckExEnv")
> ### Name: binomixp
> ### Title: Binomial sampling with a beta mixture prior
> ### Aliases: binomixp
> ### Keywords: misc
> 
> ### ** Examples
> 
> 
> ## simplest call with 6 successes observed in 8 trials and a 50:50 mix
> ## of two beta(1,1) uniform priors
> binomixp(6,8)
Prior probability of the data under component 0
----------------------------
Log prob.: -2.2 
Probability:  0.11111 

Prior probability of the data under component 1
----------------------------
Log prob.: -2.2 
Probability:  0.11111 

Post. mixing proportion for component 0: 0.5 
Post. mixing proportion for component 1: 0.5 
> 
> ## 6 successes observed in 8 trials and a 20:80 mix of a non-uniform
> ## beta(0.5,6) prior and a uniform beta(1,1) prior
> binomixp(6,8,alpha0=c(0.5,6),alpha1=c(1,1),p=0.2)
Prior probability of the data under component 0
----------------------------
Log prob.: -6.04 
Probability:  0.0023812 

Prior probability of the data under component 1
----------------------------
Log prob.: -2.2 
Probability:  0.11111 

Post. mixing proportion for component 0: 0.00533 
Post. mixing proportion for component 1: 0.995 
Error in plot.window(...) : need finite 'ylim' values
Calls: binomixp -> plot -> plot.default -> localWindow -> plot.window
Execution halted
* DONE
Status: 1 ERROR
