Hmm ... looks like a package

This is pdfTeX, Version 3.14159265-2.6-1.40.17 (TeX Live 2016) (preloaded format=pdflatex)
 restricted \write18 enabled.
entering extended mode
LaTeX2e <2016/03/31> patch level 1
Babel <3.9r> and hyphenation patterns for 83 language(s) loaded.
(./Rd2.tex
(/usr/local/texlive/2016/texmf-dist/tex/latex/base/book.cls
Document Class: book 2014/09/29 v1.4h Standard LaTeX document class
(/usr/local/texlive/2016/texmf-dist/tex/latex/base/bk10.clo))
(/Library/Frameworks/R.framework/Resources/share/texmf/tex/latex/Rd.sty
(/usr/local/texlive/2016/texmf-dist/tex/latex/base/ifthen.sty)
(/usr/local/texlive/2016/texmf-dist/tex/latex/tools/longtable.sty)
(/usr/local/texlive/2016/texmf-dist/tex/latex/tools/bm.sty)
(/usr/local/texlive/2016/texmf-dist/tex/latex/base/alltt.sty)
(/usr/local/texlive/2016/texmf-dist/tex/latex/tools/verbatim.sty)
(/usr/local/texlive/2016/texmf-dist/tex/latex/url/url.sty)
(/usr/local/texlive/2016/texmf-dist/tex/latex/base/textcomp.sty
(/usr/local/texlive/2016/texmf-dist/tex/latex/base/ts1enc.def))
(/usr/local/texlive/2016/texmf-dist/tex/latex/base/fontenc.sty
(/usr/local/texlive/2016/texmf-dist/tex/latex/base/t1enc.def))
(/usr/local/texlive/2016/texmf-dist/tex/latex/psnfss/times.sty)
(/usr/local/texlive/2016/texmf-dist/tex/latex/inconsolata/zi4.sty
`inconsolata-zi4' v1.10, 2016/02/22 Text macros for Inconsolata (msharpe)
(/usr/local/texlive/2016/texmf-dist/tex/latex/graphics/keyval.sty))
(/usr/local/texlive/2016/texmf-dist/tex/latex/graphics/color.sty
(/usr/local/texlive/2016/texmf-dist/tex/latex/graphics-cfg/color.cfg)
(/usr/local/texlive/2016/texmf-dist/tex/latex/pdftex-def/pdftex.def
(/usr/local/texlive/2016/texmf-dist/tex/generic/oberdiek/infwarerr.sty)
(/usr/local/texlive/2016/texmf-dist/tex/generic/oberdiek/ltxcmds.sty)))
(/usr/local/texlive/2016/texmf-dist/tex/latex/hyperref/hyperref.sty
(/usr/local/texlive/2016/texmf-dist/tex/generic/oberdiek/hobsub-hyperref.sty
(/usr/local/texlive/2016/texmf-dist/tex/generic/oberdiek/hobsub-generic.sty))
(/usr/local/texlive/2016/texmf-dist/tex/generic/ifxetex/ifxetex.sty)
(/usr/local/texlive/2016/texmf-dist/tex/latex/oberdiek/auxhook.sty)
(/usr/local/texlive/2016/texmf-dist/tex/latex/oberdiek/kvoptions.sty)
(/usr/local/texlive/2016/texmf-dist/tex/latex/hyperref/pd1enc.def)
(/usr/local/texlive/2016/texmf-dist/tex/latex/latexconfig/hyperref.cfg))

Package hyperref Message: Driver (autodetected): hpdftex.

(/usr/local/texlive/2016/texmf-dist/tex/latex/hyperref/hpdftex.def
(/usr/local/texlive/2016/texmf-dist/tex/latex/oberdiek/rerunfilecheck.sty))

Package hyperref Warning: Option `hyperindex' has already been used,
(hyperref)                setting the option has no effect on input line 366.


Package hyperref Warning: Option `pagebackref' has already been used,
(hyperref)                setting the option has no effect on input line 366.

) (/usr/local/texlive/2016/texmf-dist/tex/latex/base/makeidx.sty)
(/usr/local/texlive/2016/texmf-dist/tex/latex/base/inputenc.sty
(/usr/local/texlive/2016/texmf-dist/tex/latex/base/utf8.def
(/usr/local/texlive/2016/texmf-dist/tex/latex/base/t1enc.dfu)
(/usr/local/texlive/2016/texmf-dist/tex/latex/base/ot1enc.dfu)
(/usr/local/texlive/2016/texmf-dist/tex/latex/base/omsenc.dfu)
(/usr/local/texlive/2016/texmf-dist/tex/latex/base/ts1enc.dfu))
(/usr/local/texlive/2016/texmf-dist/tex/latex/base/latin1.def))
Writing index file Rd2.idx
No file Rd2.aux.
(/usr/local/texlive/2016/texmf-dist/tex/latex/base/ts1cmr.fd)
(/usr/local/texlive/2016/texmf-dist/tex/latex/psnfss/t1ptm.fd)
(/usr/local/texlive/2016/texmf-dist/tex/context/base/mkii/supp-pdf.mkii
[Loading MPS to PDF converter (version 2006.09.02).]
) (/usr/local/texlive/2016/texmf-dist/tex/latex/hyperref/nameref.sty
(/usr/local/texlive/2016/texmf-dist/tex/generic/oberdiek/gettitlestring.sty))
(/usr/local/texlive/2016/texmf-dist/tex/latex/inconsolata/t1zi4.fd)
(/usr/local/texlive/2016/texmf-dist/tex/latex/psnfss/t1phv.fd)
(/usr/local/texlive/2016/texmf-dist/tex/latex/base/utf8.def)
Overfull \vbox (2.07198pt too high) has occurred while \output is active
[1{/usr/local/texlive/2016/texmf-var/fonts/map/pdftex/updmap/pdftex.map}]
(/usr/local/texlive/2016/texmf-dist/tex/latex/base/utf8.def)
(/usr/local/texlive/2016/texmf-dist/tex/latex/inconsolata/ts1zi4.fd)
(/usr/local/texlive/2016/texmf-dist/tex/latex/base/utf8.def) [2] [3]
(/usr/local/texlive/2016/texmf-dist/tex/latex/base/utf8.def)
Overfull \hbox (6.22836pt too wide) in paragraph at lines 213--216
[]\T1/ptm/m/n/10 an op-tional data frame, list or en-vi-ron-ment (or ob-ject co
-ercible by [][]\T1/zi4/m/n/10 as.data.frame[][][]

Overfull \hbox (3.79898pt too wide) in paragraph at lines 219--223
\T1/ptm/m/n/10 de-fault is set by the [][]\T1/zi4/m/n/10 na.action[][][] \T1/pt
m/m/n/10 set-ting of op-tions, and is \T1/zi4/m/n/10 link[stats]{na.fail}
[4] [5] (/usr/local/texlive/2016/texmf-dist/tex/latex/base/utf8.def) [6]
Overfull \hbox (14.50804pt too wide) in paragraph at lines 355--358
[]\T1/ptm/m/n/10 a char-ac-ter string spec-i-fy-ing the al-ter-na-tive hy-poth-
e-sis, must be one of \T1/zi4/m/n/10 "two.sided"

Overfull \hbox (2.97818pt too wide) in paragraph at lines 390--393
\T1/ptm/m/n/10 choose be-tween us-ing an chi-squared prior ("chisq") or a gamma
 prior ("gamma")
[7] (/usr/local/texlive/2016/texmf-dist/tex/latex/psnfss/ts1ptm.fd)
Overfull \hbox (23.28098pt too wide) in paragraph at lines 458--458
 []\T1/zi4/m/n/9 ##\TS1/zi4/m/n/9 ' \T1/zi4/m/n/9 Same example but with a large
 outlier. Note the assumption of equal variances isn\TS1/zi4/m/n/9 '\T1/zi4/m/n
/9 t sensible[] 
[8] (/usr/local/texlive/2016/texmf-dist/tex/latex/base/utf8.def) [9]
(/usr/local/texlive/2016/texmf-dist/tex/latex/base/utf8.def) [10]
(/usr/local/texlive/2016/texmf-dist/tex/latex/base/utf8.def) [11]
(/usr/local/texlive/2016/texmf-dist/tex/latex/base/utf8.def) [12] [13]
(/usr/local/texlive/2016/texmf-dist/tex/latex/base/utf8.def) [14]
(/usr/local/texlive/2016/texmf-dist/tex/latex/base/utf8.def) [15]
(/usr/local/texlive/2016/texmf-dist/tex/latex/base/utf8.def)
(/usr/local/texlive/2016/texmf-dist/tex/latex/base/utf8.def) [16]
(/usr/local/texlive/2016/texmf-dist/tex/latex/base/utf8.def) [17]
(/usr/local/texlive/2016/texmf-dist/tex/latex/base/utf8.def)
(/usr/local/texlive/2016/texmf-dist/tex/latex/base/utf8.def) [18]
(/usr/local/texlive/2016/texmf-dist/tex/latex/base/utf8.def)
(/usr/local/texlive/2016/texmf-dist/tex/latex/base/utf8.def) [19]
Overfull \hbox (1.06752pt too wide) in paragraph at lines 1153--1156
[]\T1/ptm/m/n/10 the variance-covariance ma-trix of the MVN prior, or the di-ag
-o-nal of the variance-
(/usr/local/texlive/2016/texmf-dist/tex/latex/base/utf8.def) [20]
(/usr/local/texlive/2016/texmf-dist/tex/latex/base/utf8.def) [21] [22]
Underfull \vbox (badness 10000) has occurred while \output is active [23]
(/usr/local/texlive/2016/texmf-dist/tex/latex/base/utf8.def) [24]
(/usr/local/texlive/2016/texmf-dist/tex/latex/base/utf8.def) [25]
(/usr/local/texlive/2016/texmf-dist/tex/latex/base/utf8.def) [26]
(/usr/local/texlive/2016/texmf-dist/tex/latex/base/utf8.def) [27]
(/usr/local/texlive/2016/texmf-dist/tex/latex/base/utf8.def) [28] [29]
(/usr/local/texlive/2016/texmf-dist/tex/latex/base/utf8.def) [30]
Overfull \hbox (4.38098pt too wide) in paragraph at lines 1819--1819
 []\T1/zi4/m/n/9 ## simplest call with an observation of 4 and a gamma(1,1), i.
e. an exponential prior on the[] 
(/usr/local/texlive/2016/texmf-dist/tex/latex/base/utf8.def) [31] [32]
(/usr/local/texlive/2016/texmf-dist/tex/latex/base/utf8.def) [33]
(/usr/local/texlive/2016/texmf-dist/tex/latex/base/utf8.def)
(/usr/local/texlive/2016/texmf-dist/tex/latex/base/utf8.def) [34]
(/usr/local/texlive/2016/texmf-dist/tex/latex/base/utf8.def)
(/usr/local/texlive/2016/texmf-dist/tex/latex/base/utf8.def) [35]
(/usr/local/texlive/2016/texmf-dist/tex/latex/base/utf8.def) [36]
(/usr/local/texlive/2016/texmf-dist/tex/latex/base/utf8.def) [37]
(/usr/local/texlive/2016/texmf-dist/tex/latex/base/utf8.def) [38]
(/usr/local/texlive/2016/texmf-dist/tex/latex/base/utf8.def)
(/usr/local/texlive/2016/texmf-dist/tex/latex/base/utf8.def) [39]
(/usr/local/texlive/2016/texmf-dist/tex/latex/base/utf8.def)
(/usr/local/texlive/2016/texmf-dist/tex/latex/base/utf8.def) [40]
No file Rd2.ind.
[41] (./Rd2.aux)

Package rerunfilecheck Warning: File `Rd2.out' has changed.
(rerunfilecheck)                Rerun to get outlines right
(rerunfilecheck)                or use package `bookmark'.

 )
(see the transcript file for additional information)pdfTeX warning (dest): name
{Rfn.coef} has been referenced but does not exist, replaced by a fixed one

pdfTeX warning (dest): name{Rfn.model.frame} has been referenced but does not e
xist, replaced by a fixed one

pdfTeX warning (dest): name{Rfn.terms} has been referenced but does not exist, 
replaced by a fixed one

pdfTeX warning (dest): name{Rfn.lm} has been referenced but does not exist, rep
laced by a fixed one

pdfTeX warning (dest): name{Rfn.aov} has been referenced but does not exist, re
placed by a fixed one

pdfTeX warning (dest): name{Rfn.model.matrix} has been referenced but does not 
exist, replaced by a fixed one

pdfTeX warning (dest): name{Rfn.na.exclude} has been referenced but does not ex
ist, replaced by a fixed one

pdfTeX warning (dest): name{Rfn.na.omit} has been referenced but does not exist
, replaced by a fixed one

pdfTeX warning (dest): name{Rfn.na.action} has been referenced but does not exi
st, replaced by a fixed one

pdfTeX warning (dest): name{Rfn.as.data.frame} has been referenced but does not
 exist, replaced by a fixed one

pdfTeX warning (dest): name{Rfn.formula} has been referenced but does not exist
, replaced by a fixed one

{/usr/local/texlive/2016/texmf-dist/fonts/enc/dvips/inconsolata/i4-ts1.enc}{/us
r/local/texlive/2016/texmf-dist/fonts/enc/dvips/base/8r.enc}{/usr/local/texlive
/2016/texmf-dist/fonts/enc/dvips/inconsolata/i4-t1-0.enc}</usr/local/texlive/20
16/texmf-dist/fonts/type1/public/inconsolata/Inconsolata-zi4r.pfb></usr/local/t
exlive/2016/texmf-dist/fonts/type1/public/amsfonts/cm/cmbx10.pfb></usr/local/te
xlive/2016/texmf-dist/fonts/type1/public/amsfonts/cm/cmex10.pfb></usr/local/tex
live/2016/texmf-dist/fonts/type1/public/amsfonts/cm/cmmi10.pfb></usr/local/texl
ive/2016/texmf-dist/fonts/type1/public/amsfonts/cm/cmmi7.pfb></usr/local/texliv
e/2016/texmf-dist/fonts/type1/public/amsfonts/cm/cmr10.pfb></usr/local/texlive/
2016/texmf-dist/fonts/type1/public/amsfonts/cm/cmr7.pfb></usr/local/texlive/201
6/texmf-dist/fonts/type1/public/amsfonts/cm/cmsy10.pfb></usr/local/texlive/2016
/texmf-dist/fonts/type1/public/amsfonts/cm/cmsy7.pfb></usr/local/texlive/2016/t
exmf-dist/fonts/type1/urw/helvetic/uhvr8a.pfb></usr/local/texlive/2016/texmf-di
st/fonts/type1/urw/times/utmb8a.pfb></usr/local/texlive/2016/texmf-dist/fonts/t
ype1/urw/times/utmr8a.pfb></usr/local/texlive/2016/texmf-dist/fonts/type1/urw/t
imes/utmr8a.pfb></usr/local/texlive/2016/texmf-dist/fonts/type1/urw/times/utmri
8a.pfb>
Output written on Rd2.pdf (41 pages, 232063 bytes).
Transcript written on Rd2.log.
This is makeindex, version 2.15 [TeX Live 2016] (kpathsea + Thai support).
Scanning input file Rd2.idx....done (105 entries accepted, 0 rejected).
Sorting entries....done (706 comparisons).
Generating output file Rd2.ind....done (147 lines written, 2 warnings).
Output written in Rd2.ind.
Transcript written in Rd2.ilg.
This is pdfTeX, Version 3.14159265-2.6-1.40.17 (TeX Live 2016) (preloaded format=pdflatex)
 restricted \write18 enabled.
entering extended mode
LaTeX2e <2016/03/31> patch level 1
Babel <3.9r> and hyphenation patterns for 83 language(s) loaded.
(./Rd2.tex
(/usr/local/texlive/2016/texmf-dist/tex/latex/base/book.cls
Document Class: book 2014/09/29 v1.4h Standard LaTeX document class
(/usr/local/texlive/2016/texmf-dist/tex/latex/base/bk10.clo))
(/Library/Frameworks/R.framework/Resources/share/texmf/tex/latex/Rd.sty
(/usr/local/texlive/2016/texmf-dist/tex/latex/base/ifthen.sty)
(/usr/local/texlive/2016/texmf-dist/tex/latex/tools/longtable.sty)
(/usr/local/texlive/2016/texmf-dist/tex/latex/tools/bm.sty)
(/usr/local/texlive/2016/texmf-dist/tex/latex/base/alltt.sty)
(/usr/local/texlive/2016/texmf-dist/tex/latex/tools/verbatim.sty)
(/usr/local/texlive/2016/texmf-dist/tex/latex/url/url.sty)
(/usr/local/texlive/2016/texmf-dist/tex/latex/base/textcomp.sty
(/usr/local/texlive/2016/texmf-dist/tex/latex/base/ts1enc.def))
(/usr/local/texlive/2016/texmf-dist/tex/latex/base/fontenc.sty
(/usr/local/texlive/2016/texmf-dist/tex/latex/base/t1enc.def))
(/usr/local/texlive/2016/texmf-dist/tex/latex/psnfss/times.sty)
(/usr/local/texlive/2016/texmf-dist/tex/latex/inconsolata/zi4.sty
`inconsolata-zi4' v1.10, 2016/02/22 Text macros for Inconsolata (msharpe)
(/usr/local/texlive/2016/texmf-dist/tex/latex/graphics/keyval.sty))
(/usr/local/texlive/2016/texmf-dist/tex/latex/graphics/color.sty
(/usr/local/texlive/2016/texmf-dist/tex/latex/graphics-cfg/color.cfg)
(/usr/local/texlive/2016/texmf-dist/tex/latex/pdftex-def/pdftex.def
(/usr/local/texlive/2016/texmf-dist/tex/generic/oberdiek/infwarerr.sty)
(/usr/local/texlive/2016/texmf-dist/tex/generic/oberdiek/ltxcmds.sty)))
(/usr/local/texlive/2016/texmf-dist/tex/latex/hyperref/hyperref.sty
(/usr/local/texlive/2016/texmf-dist/tex/generic/oberdiek/hobsub-hyperref.sty
(/usr/local/texlive/2016/texmf-dist/tex/generic/oberdiek/hobsub-generic.sty))
(/usr/local/texlive/2016/texmf-dist/tex/generic/ifxetex/ifxetex.sty)
(/usr/local/texlive/2016/texmf-dist/tex/latex/oberdiek/auxhook.sty)
(/usr/local/texlive/2016/texmf-dist/tex/latex/oberdiek/kvoptions.sty)
(/usr/local/texlive/2016/texmf-dist/tex/latex/hyperref/pd1enc.def)
(/usr/local/texlive/2016/texmf-dist/tex/latex/latexconfig/hyperref.cfg))

Package hyperref Message: Driver (autodetected): hpdftex.

(/usr/local/texlive/2016/texmf-dist/tex/latex/hyperref/hpdftex.def
(/usr/local/texlive/2016/texmf-dist/tex/latex/oberdiek/rerunfilecheck.sty))

Package hyperref Warning: Option `hyperindex' has already been used,
(hyperref)                setting the option has no effect on input line 366.


Package hyperref Warning: Option `pagebackref' has already been used,
(hyperref)                setting the option has no effect on input line 366.

) (/usr/local/texlive/2016/texmf-dist/tex/latex/base/makeidx.sty)
(/usr/local/texlive/2016/texmf-dist/tex/latex/base/inputenc.sty
(/usr/local/texlive/2016/texmf-dist/tex/latex/base/utf8.def
(/usr/local/texlive/2016/texmf-dist/tex/latex/base/t1enc.dfu)
(/usr/local/texlive/2016/texmf-dist/tex/latex/base/ot1enc.dfu)
(/usr/local/texlive/2016/texmf-dist/tex/latex/base/omsenc.dfu)
(/usr/local/texlive/2016/texmf-dist/tex/latex/base/ts1enc.dfu))
(/usr/local/texlive/2016/texmf-dist/tex/latex/base/latin1.def))
Writing index file Rd2.idx
(./Rd2.aux) (/usr/local/texlive/2016/texmf-dist/tex/latex/base/ts1cmr.fd)
(/usr/local/texlive/2016/texmf-dist/tex/latex/psnfss/t1ptm.fd)
(/usr/local/texlive/2016/texmf-dist/tex/context/base/mkii/supp-pdf.mkii
[Loading MPS to PDF converter (version 2006.09.02).]
) (/usr/local/texlive/2016/texmf-dist/tex/latex/hyperref/nameref.sty
(/usr/local/texlive/2016/texmf-dist/tex/generic/oberdiek/gettitlestring.sty))
(./Rd2.out) (./Rd2.out)
(/usr/local/texlive/2016/texmf-dist/tex/latex/inconsolata/t1zi4.fd)
(/usr/local/texlive/2016/texmf-dist/tex/latex/psnfss/t1phv.fd) (./Rd2.toc
[1{/usr/local/texlive/2016/texmf-var/fonts/map/pdftex/updmap/pdftex.map}])
(/usr/local/texlive/2016/texmf-dist/tex/latex/base/utf8.def)
(/usr/local/texlive/2016/texmf-dist/tex/latex/base/utf8.def) [2]
(/usr/local/texlive/2016/texmf-dist/tex/latex/inconsolata/ts1zi4.fd)
(/usr/local/texlive/2016/texmf-dist/tex/latex/base/utf8.def) [3] [4]
(/usr/local/texlive/2016/texmf-dist/tex/latex/base/utf8.def)
Overfull \hbox (6.22836pt too wide) in paragraph at lines 213--216
[]\T1/ptm/m/n/10 an op-tional data frame, list or en-vi-ron-ment (or ob-ject co
-ercible by [][]\T1/zi4/m/n/10 as.data.frame[][][]

Overfull \hbox (3.79898pt too wide) in paragraph at lines 219--223
\T1/ptm/m/n/10 de-fault is set by the [][]\T1/zi4/m/n/10 na.action[][][] \T1/pt
m/m/n/10 set-ting of op-tions, and is \T1/zi4/m/n/10 link[stats]{na.fail}
[5] [6] (/usr/local/texlive/2016/texmf-dist/tex/latex/base/utf8.def)
Overfull \hbox (14.50804pt too wide) in paragraph at lines 355--358
[]\T1/ptm/m/n/10 a char-ac-ter string spec-i-fy-ing the al-ter-na-tive hy-poth-
e-sis, must be one of \T1/zi4/m/n/10 "two.sided"
[7]
Overfull \hbox (2.97818pt too wide) in paragraph at lines 390--393
\T1/ptm/m/n/10 choose be-tween us-ing an chi-squared prior ("chisq") or a gamma
 prior ("gamma")
[8] (/usr/local/texlive/2016/texmf-dist/tex/latex/psnfss/ts1ptm.fd)
Overfull \hbox (23.28098pt too wide) in paragraph at lines 458--458
 []\T1/zi4/m/n/9 ##\TS1/zi4/m/n/9 ' \T1/zi4/m/n/9 Same example but with a large
 outlier. Note the assumption of equal variances isn\TS1/zi4/m/n/9 '\T1/zi4/m/n
/9 t sensible[] 
(/usr/local/texlive/2016/texmf-dist/tex/latex/base/utf8.def) [9]
(/usr/local/texlive/2016/texmf-dist/tex/latex/base/utf8.def) [10] [11]
(/usr/local/texlive/2016/texmf-dist/tex/latex/base/utf8.def) [12]
(/usr/local/texlive/2016/texmf-dist/tex/latex/base/utf8.def) [13] [14]
(/usr/local/texlive/2016/texmf-dist/tex/latex/base/utf8.def) [15]
(/usr/local/texlive/2016/texmf-dist/tex/latex/base/utf8.def) [16]
(/usr/local/texlive/2016/texmf-dist/tex/latex/base/utf8.def)
(/usr/local/texlive/2016/texmf-dist/tex/latex/base/utf8.def) [17]
(/usr/local/texlive/2016/texmf-dist/tex/latex/base/utf8.def)
(/usr/local/texlive/2016/texmf-dist/tex/latex/base/utf8.def) [18]
(/usr/local/texlive/2016/texmf-dist/tex/latex/base/utf8.def)
(/usr/local/texlive/2016/texmf-dist/tex/latex/base/utf8.def) [19]
(/usr/local/texlive/2016/texmf-dist/tex/latex/base/utf8.def) [20]
Overfull \hbox (1.06752pt too wide) in paragraph at lines 1153--1156
[]\T1/ptm/m/n/10 the variance-covariance ma-trix of the MVN prior, or the di-ag
-o-nal of the variance-
(/usr/local/texlive/2016/texmf-dist/tex/latex/base/utf8.def) [21]
(/usr/local/texlive/2016/texmf-dist/tex/latex/base/utf8.def) [22] [23]
(/usr/local/texlive/2016/texmf-dist/tex/latex/base/utf8.def) [24] [25]
(/usr/local/texlive/2016/texmf-dist/tex/latex/base/utf8.def) [26]
(/usr/local/texlive/2016/texmf-dist/tex/latex/base/utf8.def) [27]
(/usr/local/texlive/2016/texmf-dist/tex/latex/base/utf8.def) [28]
(/usr/local/texlive/2016/texmf-dist/tex/latex/base/utf8.def) [29]
(/usr/local/texlive/2016/texmf-dist/tex/latex/base/utf8.def) [30]
Overfull \hbox (4.38098pt too wide) in paragraph at lines 1819--1819
 []\T1/zi4/m/n/9 ## simplest call with an observation of 4 and a gamma(1,1), i.
e. an exponential prior on the[] 
[31] (/usr/local/texlive/2016/texmf-dist/tex/latex/base/utf8.def) [32]
(/usr/local/texlive/2016/texmf-dist/tex/latex/base/utf8.def) [33]
(/usr/local/texlive/2016/texmf-dist/tex/latex/base/utf8.def) [34]
(/usr/local/texlive/2016/texmf-dist/tex/latex/base/utf8.def)
(/usr/local/texlive/2016/texmf-dist/tex/latex/base/utf8.def)
(/usr/local/texlive/2016/texmf-dist/tex/latex/base/utf8.def) [35]
(/usr/local/texlive/2016/texmf-dist/tex/latex/base/utf8.def) [36] [37]
(/usr/local/texlive/2016/texmf-dist/tex/latex/base/utf8.def)
(/usr/local/texlive/2016/texmf-dist/tex/latex/base/utf8.def) [38]
(/usr/local/texlive/2016/texmf-dist/tex/latex/base/utf8.def) [39]
(/usr/local/texlive/2016/texmf-dist/tex/latex/base/utf8.def)
(/usr/local/texlive/2016/texmf-dist/tex/latex/base/utf8.def) [40]
(/usr/local/texlive/2016/texmf-dist/tex/latex/base/utf8.def) [41] (./Rd2.ind
[42]

LaTeX Font Warning: Font shape `T1/zi4/m/it' undefined
(Font)              using `T1/zi4/m/n' instead on input line 56.

[43] [44]) (./Rd2.aux)

Package rerunfilecheck Warning: File `Rd2.out' has changed.
(rerunfilecheck)                Rerun to get outlines right
(rerunfilecheck)                or use package `bookmark'.


LaTeX Font Warning: Some font shapes were not available, defaults substituted.

 )
(see the transcript file for additional information)pdfTeX warning (dest): name
{Rfn.coef} has been referenced but does not exist, replaced by a fixed one

pdfTeX warning (dest): name{Rfn.model.frame} has been referenced but does not e
xist, replaced by a fixed one

pdfTeX warning (dest): name{Rfn.terms} has been referenced but does not exist, 
replaced by a fixed one

pdfTeX warning (dest): name{Rfn.lm} has been referenced but does not exist, rep
laced by a fixed one

pdfTeX warning (dest): name{Rfn.aov} has been referenced but does not exist, re
placed by a fixed one

pdfTeX warning (dest): name{Rfn.model.matrix} has been referenced but does not 
exist, replaced by a fixed one

pdfTeX warning (dest): name{Rfn.na.exclude} has been referenced but does not ex
ist, replaced by a fixed one

pdfTeX warning (dest): name{Rfn.na.omit} has been referenced but does not exist
, replaced by a fixed one

pdfTeX warning (dest): name{Rfn.na.action} has been referenced but does not exi
st, replaced by a fixed one

pdfTeX warning (dest): name{Rfn.as.data.frame} has been referenced but does not
 exist, replaced by a fixed one

pdfTeX warning (dest): name{Rfn.formula} has been referenced but does not exist
, replaced by a fixed one

{/usr/local/texlive/2016/texmf-dist/fonts/enc/dvips/inconsolata/i4-ts1.enc}{/us
r/local/texlive/2016/texmf-dist/fonts/enc/dvips/base/8r.enc}{/usr/local/texlive
/2016/texmf-dist/fonts/enc/dvips/inconsolata/i4-t1-0.enc}</usr/local/texlive/20
16/texmf-dist/fonts/type1/public/inconsolata/Inconsolata-zi4r.pfb></usr/local/t
exlive/2016/texmf-dist/fonts/type1/public/amsfonts/cm/cmbx10.pfb></usr/local/te
xlive/2016/texmf-dist/fonts/type1/public/amsfonts/cm/cmex10.pfb></usr/local/tex
live/2016/texmf-dist/fonts/type1/public/amsfonts/cm/cmmi10.pfb></usr/local/texl
ive/2016/texmf-dist/fonts/type1/public/amsfonts/cm/cmmi7.pfb></usr/local/texliv
e/2016/texmf-dist/fonts/type1/public/amsfonts/cm/cmr10.pfb></usr/local/texlive/
2016/texmf-dist/fonts/type1/public/amsfonts/cm/cmr7.pfb></usr/local/texlive/201
6/texmf-dist/fonts/type1/public/amsfonts/cm/cmsy10.pfb></usr/local/texlive/2016
/texmf-dist/fonts/type1/public/amsfonts/cm/cmsy7.pfb></usr/local/texlive/2016/t
exmf-dist/fonts/type1/urw/helvetic/uhvr8a.pfb></usr/local/texlive/2016/texmf-di
st/fonts/type1/urw/times/utmb8a.pfb></usr/local/texlive/2016/texmf-dist/fonts/t
ype1/urw/times/utmr8a.pfb></usr/local/texlive/2016/texmf-dist/fonts/type1/urw/t
imes/utmr8a.pfb></usr/local/texlive/2016/texmf-dist/fonts/type1/urw/times/utmri
8a.pfb>
Output written on Rd2.pdf (44 pages, 244315 bytes).
Transcript written on Rd2.log.
This is makeindex, version 2.15 [TeX Live 2016] (kpathsea + Thai support).
Scanning input file Rd2.idx....done (105 entries accepted, 0 rejected).
Sorting entries....done (706 comparisons).
Generating output file Rd2.ind....done (147 lines written, 3 warnings).
Output written in Rd2.ind.
Transcript written in Rd2.ilg.
This is pdfTeX, Version 3.14159265-2.6-1.40.17 (TeX Live 2016) (preloaded format=pdflatex)
 restricted \write18 enabled.
entering extended mode
LaTeX2e <2016/03/31> patch level 1
Babel <3.9r> and hyphenation patterns for 83 language(s) loaded.
(./Rd2.tex
(/usr/local/texlive/2016/texmf-dist/tex/latex/base/book.cls
Document Class: book 2014/09/29 v1.4h Standard LaTeX document class
(/usr/local/texlive/2016/texmf-dist/tex/latex/base/bk10.clo))
(/Library/Frameworks/R.framework/Resources/share/texmf/tex/latex/Rd.sty
(/usr/local/texlive/2016/texmf-dist/tex/latex/base/ifthen.sty)
(/usr/local/texlive/2016/texmf-dist/tex/latex/tools/longtable.sty)
(/usr/local/texlive/2016/texmf-dist/tex/latex/tools/bm.sty)
(/usr/local/texlive/2016/texmf-dist/tex/latex/base/alltt.sty)
(/usr/local/texlive/2016/texmf-dist/tex/latex/tools/verbatim.sty)
(/usr/local/texlive/2016/texmf-dist/tex/latex/url/url.sty)
(/usr/local/texlive/2016/texmf-dist/tex/latex/base/textcomp.sty
(/usr/local/texlive/2016/texmf-dist/tex/latex/base/ts1enc.def))
(/usr/local/texlive/2016/texmf-dist/tex/latex/base/fontenc.sty
(/usr/local/texlive/2016/texmf-dist/tex/latex/base/t1enc.def))
(/usr/local/texlive/2016/texmf-dist/tex/latex/psnfss/times.sty)
(/usr/local/texlive/2016/texmf-dist/tex/latex/inconsolata/zi4.sty
`inconsolata-zi4' v1.10, 2016/02/22 Text macros for Inconsolata (msharpe)
(/usr/local/texlive/2016/texmf-dist/tex/latex/graphics/keyval.sty))
(/usr/local/texlive/2016/texmf-dist/tex/latex/graphics/color.sty
(/usr/local/texlive/2016/texmf-dist/tex/latex/graphics-cfg/color.cfg)
(/usr/local/texlive/2016/texmf-dist/tex/latex/pdftex-def/pdftex.def
(/usr/local/texlive/2016/texmf-dist/tex/generic/oberdiek/infwarerr.sty)
(/usr/local/texlive/2016/texmf-dist/tex/generic/oberdiek/ltxcmds.sty)))
(/usr/local/texlive/2016/texmf-dist/tex/latex/hyperref/hyperref.sty
(/usr/local/texlive/2016/texmf-dist/tex/generic/oberdiek/hobsub-hyperref.sty
(/usr/local/texlive/2016/texmf-dist/tex/generic/oberdiek/hobsub-generic.sty))
(/usr/local/texlive/2016/texmf-dist/tex/generic/ifxetex/ifxetex.sty)
(/usr/local/texlive/2016/texmf-dist/tex/latex/oberdiek/auxhook.sty)
(/usr/local/texlive/2016/texmf-dist/tex/latex/oberdiek/kvoptions.sty)
(/usr/local/texlive/2016/texmf-dist/tex/latex/hyperref/pd1enc.def)
(/usr/local/texlive/2016/texmf-dist/tex/latex/latexconfig/hyperref.cfg))

Package hyperref Message: Driver (autodetected): hpdftex.

(/usr/local/texlive/2016/texmf-dist/tex/latex/hyperref/hpdftex.def
(/usr/local/texlive/2016/texmf-dist/tex/latex/oberdiek/rerunfilecheck.sty))

Package hyperref Warning: Option `hyperindex' has already been used,
(hyperref)                setting the option has no effect on input line 366.


Package hyperref Warning: Option `pagebackref' has already been used,
(hyperref)                setting the option has no effect on input line 366.

) (/usr/local/texlive/2016/texmf-dist/tex/latex/base/makeidx.sty)
(/usr/local/texlive/2016/texmf-dist/tex/latex/base/inputenc.sty
(/usr/local/texlive/2016/texmf-dist/tex/latex/base/utf8.def
(/usr/local/texlive/2016/texmf-dist/tex/latex/base/t1enc.dfu)
(/usr/local/texlive/2016/texmf-dist/tex/latex/base/ot1enc.dfu)
(/usr/local/texlive/2016/texmf-dist/tex/latex/base/omsenc.dfu)
(/usr/local/texlive/2016/texmf-dist/tex/latex/base/ts1enc.dfu))
(/usr/local/texlive/2016/texmf-dist/tex/latex/base/latin1.def))
Writing index file Rd2.idx
(./Rd2.aux) (/usr/local/texlive/2016/texmf-dist/tex/latex/base/ts1cmr.fd)
(/usr/local/texlive/2016/texmf-dist/tex/latex/psnfss/t1ptm.fd)
(/usr/local/texlive/2016/texmf-dist/tex/context/base/mkii/supp-pdf.mkii
[Loading MPS to PDF converter (version 2006.09.02).]
) (/usr/local/texlive/2016/texmf-dist/tex/latex/hyperref/nameref.sty
(/usr/local/texlive/2016/texmf-dist/tex/generic/oberdiek/gettitlestring.sty))
(./Rd2.out) (./Rd2.out)
(/usr/local/texlive/2016/texmf-dist/tex/latex/inconsolata/t1zi4.fd)
(/usr/local/texlive/2016/texmf-dist/tex/latex/psnfss/t1phv.fd) (./Rd2.toc
[1{/usr/local/texlive/2016/texmf-var/fonts/map/pdftex/updmap/pdftex.map}])
(/usr/local/texlive/2016/texmf-dist/tex/latex/base/utf8.def)
(/usr/local/texlive/2016/texmf-dist/tex/latex/base/utf8.def) [2]
(/usr/local/texlive/2016/texmf-dist/tex/latex/inconsolata/ts1zi4.fd)
(/usr/local/texlive/2016/texmf-dist/tex/latex/base/utf8.def) [3] [4]
(/usr/local/texlive/2016/texmf-dist/tex/latex/base/utf8.def)
Overfull \hbox (6.22836pt too wide) in paragraph at lines 213--216
[]\T1/ptm/m/n/10 an op-tional data frame, list or en-vi-ron-ment (or ob-ject co
-ercible by [][]\T1/zi4/m/n/10 as.data.frame[][][]

Overfull \hbox (3.79898pt too wide) in paragraph at lines 219--223
\T1/ptm/m/n/10 de-fault is set by the [][]\T1/zi4/m/n/10 na.action[][][] \T1/pt
m/m/n/10 set-ting of op-tions, and is \T1/zi4/m/n/10 link[stats]{na.fail}
[5] [6] (/usr/local/texlive/2016/texmf-dist/tex/latex/base/utf8.def)
Overfull \hbox (14.50804pt too wide) in paragraph at lines 355--358
[]\T1/ptm/m/n/10 a char-ac-ter string spec-i-fy-ing the al-ter-na-tive hy-poth-
e-sis, must be one of \T1/zi4/m/n/10 "two.sided"
[7]
Overfull \hbox (2.97818pt too wide) in paragraph at lines 390--393
\T1/ptm/m/n/10 choose be-tween us-ing an chi-squared prior ("chisq") or a gamma
 prior ("gamma")
[8] (/usr/local/texlive/2016/texmf-dist/tex/latex/psnfss/ts1ptm.fd)
Overfull \hbox (23.28098pt too wide) in paragraph at lines 458--458
 []\T1/zi4/m/n/9 ##\TS1/zi4/m/n/9 ' \T1/zi4/m/n/9 Same example but with a large
 outlier. Note the assumption of equal variances isn\TS1/zi4/m/n/9 '\T1/zi4/m/n
/9 t sensible[] 
(/usr/local/texlive/2016/texmf-dist/tex/latex/base/utf8.def) [9]
(/usr/local/texlive/2016/texmf-dist/tex/latex/base/utf8.def) [10] [11]
(/usr/local/texlive/2016/texmf-dist/tex/latex/base/utf8.def) [12]
(/usr/local/texlive/2016/texmf-dist/tex/latex/base/utf8.def) [13] [14]
(/usr/local/texlive/2016/texmf-dist/tex/latex/base/utf8.def) [15]
(/usr/local/texlive/2016/texmf-dist/tex/latex/base/utf8.def) [16]
(/usr/local/texlive/2016/texmf-dist/tex/latex/base/utf8.def)
(/usr/local/texlive/2016/texmf-dist/tex/latex/base/utf8.def) [17]
(/usr/local/texlive/2016/texmf-dist/tex/latex/base/utf8.def)
(/usr/local/texlive/2016/texmf-dist/tex/latex/base/utf8.def) [18]
(/usr/local/texlive/2016/texmf-dist/tex/latex/base/utf8.def)
(/usr/local/texlive/2016/texmf-dist/tex/latex/base/utf8.def) [19]
(/usr/local/texlive/2016/texmf-dist/tex/latex/base/utf8.def) [20]
Overfull \hbox (1.06752pt too wide) in paragraph at lines 1153--1156
[]\T1/ptm/m/n/10 the variance-covariance ma-trix of the MVN prior, or the di-ag
-o-nal of the variance-
(/usr/local/texlive/2016/texmf-dist/tex/latex/base/utf8.def) [21]
(/usr/local/texlive/2016/texmf-dist/tex/latex/base/utf8.def) [22] [23]
(/usr/local/texlive/2016/texmf-dist/tex/latex/base/utf8.def) [24] [25]
(/usr/local/texlive/2016/texmf-dist/tex/latex/base/utf8.def) [26]
(/usr/local/texlive/2016/texmf-dist/tex/latex/base/utf8.def) [27]
(/usr/local/texlive/2016/texmf-dist/tex/latex/base/utf8.def) [28]
(/usr/local/texlive/2016/texmf-dist/tex/latex/base/utf8.def) [29]
(/usr/local/texlive/2016/texmf-dist/tex/latex/base/utf8.def) [30]
Overfull \hbox (4.38098pt too wide) in paragraph at lines 1819--1819
 []\T1/zi4/m/n/9 ## simplest call with an observation of 4 and a gamma(1,1), i.
e. an exponential prior on the[] 
[31] (/usr/local/texlive/2016/texmf-dist/tex/latex/base/utf8.def) [32]
(/usr/local/texlive/2016/texmf-dist/tex/latex/base/utf8.def) [33]
(/usr/local/texlive/2016/texmf-dist/tex/latex/base/utf8.def) [34]
(/usr/local/texlive/2016/texmf-dist/tex/latex/base/utf8.def)
(/usr/local/texlive/2016/texmf-dist/tex/latex/base/utf8.def)
(/usr/local/texlive/2016/texmf-dist/tex/latex/base/utf8.def) [35]
(/usr/local/texlive/2016/texmf-dist/tex/latex/base/utf8.def) [36] [37]
(/usr/local/texlive/2016/texmf-dist/tex/latex/base/utf8.def)
(/usr/local/texlive/2016/texmf-dist/tex/latex/base/utf8.def) [38]
(/usr/local/texlive/2016/texmf-dist/tex/latex/base/utf8.def) [39]
(/usr/local/texlive/2016/texmf-dist/tex/latex/base/utf8.def)
(/usr/local/texlive/2016/texmf-dist/tex/latex/base/utf8.def) [40]
(/usr/local/texlive/2016/texmf-dist/tex/latex/base/utf8.def) [41] (./Rd2.ind
[42]

LaTeX Font Warning: Font shape `T1/zi4/m/it' undefined
(Font)              using `T1/zi4/m/n' instead on input line 56.

[43] [44]) (./Rd2.aux)

LaTeX Font Warning: Some font shapes were not available, defaults substituted.

 )
(see the transcript file for additional information)pdfTeX warning (dest): name
{Rfn.coef} has been referenced but does not exist, replaced by a fixed one

pdfTeX warning (dest): name{Rfn.model.frame} has been referenced but does not e
xist, replaced by a fixed one

pdfTeX warning (dest): name{Rfn.terms} has been referenced but does not exist, 
replaced by a fixed one

pdfTeX warning (dest): name{Rfn.lm} has been referenced but does not exist, rep
laced by a fixed one

pdfTeX warning (dest): name{Rfn.aov} has been referenced but does not exist, re
placed by a fixed one

pdfTeX warning (dest): name{Rfn.model.matrix} has been referenced but does not 
exist, replaced by a fixed one

pdfTeX warning (dest): name{Rfn.na.exclude} has been referenced but does not ex
ist, replaced by a fixed one

pdfTeX warning (dest): name{Rfn.na.omit} has been referenced but does not exist
, replaced by a fixed one

pdfTeX warning (dest): name{Rfn.na.action} has been referenced but does not exi
st, replaced by a fixed one

pdfTeX warning (dest): name{Rfn.as.data.frame} has been referenced but does not
 exist, replaced by a fixed one

pdfTeX warning (dest): name{Rfn.formula} has been referenced but does not exist
, replaced by a fixed one

{/usr/local/texlive/2016/texmf-dist/fonts/enc/dvips/inconsolata/i4-ts1.enc}{/us
r/local/texlive/2016/texmf-dist/fonts/enc/dvips/base/8r.enc}{/usr/local/texlive
/2016/texmf-dist/fonts/enc/dvips/inconsolata/i4-t1-0.enc}</usr/local/texlive/20
16/texmf-dist/fonts/type1/public/inconsolata/Inconsolata-zi4r.pfb></usr/local/t
exlive/2016/texmf-dist/fonts/type1/public/amsfonts/cm/cmbx10.pfb></usr/local/te
xlive/2016/texmf-dist/fonts/type1/public/amsfonts/cm/cmex10.pfb></usr/local/tex
live/2016/texmf-dist/fonts/type1/public/amsfonts/cm/cmmi10.pfb></usr/local/texl
ive/2016/texmf-dist/fonts/type1/public/amsfonts/cm/cmmi7.pfb></usr/local/texliv
e/2016/texmf-dist/fonts/type1/public/amsfonts/cm/cmr10.pfb></usr/local/texlive/
2016/texmf-dist/fonts/type1/public/amsfonts/cm/cmr7.pfb></usr/local/texlive/201
6/texmf-dist/fonts/type1/public/amsfonts/cm/cmsy10.pfb></usr/local/texlive/2016
/texmf-dist/fonts/type1/public/amsfonts/cm/cmsy7.pfb></usr/local/texlive/2016/t
exmf-dist/fonts/type1/urw/helvetic/uhvr8a.pfb></usr/local/texlive/2016/texmf-di
st/fonts/type1/urw/times/utmb8a.pfb></usr/local/texlive/2016/texmf-dist/fonts/t
ype1/urw/times/utmr8a.pfb></usr/local/texlive/2016/texmf-dist/fonts/type1/urw/t
imes/utmr8a.pfb></usr/local/texlive/2016/texmf-dist/fonts/type1/urw/times/utmri
8a.pfb>
Output written on Rd2.pdf (44 pages, 244970 bytes).
Transcript written on Rd2.log.
Saving output to 'Bolstad-manual.pdf' ...
Done
You may want to clean up by 'rm -rf /var/folders/8b/txtrhktx3s3cr3h5shn7cnbm0000gp/T//Rtmp1EXx7G/Rd2pdf50e721a8008f'
